Determining if the pthread_create exist failed with the following output:
Change Dir: /afs/andrew.cmu.edu/usr18/roysung/RealGraphics/p3late/p3-late1/src/build/CMakeFiles/CMakeTmp

Run Build Command:/usr/bin/gmake "cmTryCompileExec298221308/fast"
/usr/bin/gmake -f CMakeFiles/cmTryCompileExec298221308.dir/build.make CMakeFiles/cmTryCompileExec298221308.dir/build
gmake[1]: Entering directory `/afs/andrew.cmu.edu/usr18/roysung/RealGraphics/p3late/p3-late1/src/build/CMakeFiles/CMakeTmp'
/usr/bin/cmake -E cmake_progress_report /afs/andrew.cmu.edu/usr18/roysung/RealGraphics/p3late/p3-late1/src/build/CMakeFiles/CMakeTmp/CMakeFiles 1
Building C object CMakeFiles/cmTryCompileExec298221308.dir/CheckSymbolExists.c.o
/usr/lib64/ccache/cc    -o CMakeFiles/cmTryCompileExec298221308.dir/CheckSymbolExists.c.o   -c /afs/andrew.cmu.edu/usr18/roysung/RealGraphics/p3late/p3-late1/src/build/CMakeFiles/CMakeTmp/CheckSymbolExists.c
Linking C executable cmTryCompileExec298221308
/usr/bin/cmake -E cmake_link_script CMakeFiles/cmTryCompileExec298221308.dir/link.txt --verbose=1
/usr/lib64/ccache/cc       CMakeFiles/cmTryCompileExec298221308.dir/CheckSymbolExists.c.o  -o cmTryCompileExec298221308 -rdynamic 
CMakeFiles/cmTryCompileExec298221308.dir/CheckSymbolExists.c.o: In function `main':
CheckSymbolExists.c:(.text+0xc): undefined reference to `pthread_create'
collect2: ld returned 1 exit status
gmake[1]: *** [cmTryCompileExec298221308] Error 1
gmake[1]: Leaving directory `/afs/andrew.cmu.edu/usr18/roysung/RealGraphics/p3late/p3-late1/src/build/CMakeFiles/CMakeTmp'
gmake: *** [cmTryCompileExec298221308/fast] Error 2

File /afs/andrew.cmu.edu/usr18/roysung/RealGraphics/p3late/p3-late1/src/build/CMakeFiles/CMakeTmp/CheckSymbolExists.c:
/* */
#include <pthread.h>

int main(int argc, char** argv)
{
  (void)argv;
#ifndef pthread_create
  return ((int*)(&pthread_create))[argc];
#else
  (void)argc;
  return 0;
#endif
}

Determining if the function pthread_create exists in the pthreads failed with the following output:
Change Dir: /afs/andrew.cmu.edu/usr18/roysung/RealGraphics/p3late/p3-late1/src/build/CMakeFiles/CMakeTmp

Run Build Command:/usr/bin/gmake "cmTryCompileExec2383690945/fast"
/usr/bin/gmake -f CMakeFiles/cmTryCompileExec2383690945.dir/build.make CMakeFiles/cmTryCompileExec2383690945.dir/build
gmake[1]: Entering directory `/afs/andrew.cmu.edu/usr18/roysung/RealGraphics/p3late/p3-late1/src/build/CMakeFiles/CMakeTmp'
/usr/bin/cmake -E cmake_progress_report /afs/andrew.cmu.edu/usr18/roysung/RealGraphics/p3late/p3-late1/src/build/CMakeFiles/CMakeTmp/CMakeFiles 1
Building C object CMakeFiles/cmTryCompileExec2383690945.dir/CheckFunctionExists.c.o
/usr/lib64/ccache/cc   -DCHECK_FUNCTION_EXISTS=pthread_create   -o CMakeFiles/cmTryCompileExec2383690945.dir/CheckFunctionExists.c.o   -c /usr/share/cmake/Modules/CheckFunctionExists.c
Linking C executable cmTryCompileExec2383690945
/usr/bin/cmake -E cmake_link_script CMakeFiles/cmTryCompileExec2383690945.dir/link.txt --verbose=1
/usr/lib64/ccache/cc   -DCHECK_FUNCTION_EXISTS=pthread_create    CMakeFiles/cmTryCompileExec2383690945.dir/CheckFunctionExists.c.o  -o cmTryCompileExec2383690945 -rdynamic -lpthreads 
/usr/bin/ld: cannot find -lpthreads
collect2: ld returned 1 exit status
gmake[1]: *** [cmTryCompileExec2383690945] Error 1
gmake[1]: Leaving directory `/afs/andrew.cmu.edu/usr18/roysung/RealGraphics/p3late/p3-late1/src/build/CMakeFiles/CMakeTmp'
gmake: *** [cmTryCompileExec2383690945/fast] Error 2


